{"C:\\Users\\shrut\\OneDrive\\Desktop\\netflix3\\server\\index.js": {"path":"C:\\Users\\shrut\\OneDrive\\Desktop\\netflix3\\server\\index.js","statementMap":{"0":{"start":{"line":1,"column":0},"end":{"line":1,"column":27}},"1":{"start":{"line":2,"column":16},"end":{"line":2,"column":34}},"2":{"start":{"line":3,"column":12},"end":{"line":3,"column":21}},"3":{"start":{"line":4,"column":0},"end":{"line":4,"column":21}},"4":{"start":{"line":5,"column":13},"end":{"line":5,"column":28}},"5":{"start":{"line":6,"column":0},"end":{"line":6,"column":16}},"6":{"start":{"line":7,"column":0},"end":{"line":7,"column":24}},"7":{"start":{"line":10,"column":15},"end":{"line":10,"column":41}},"8":{"start":{"line":11,"column":15},"end":{"line":11,"column":49}},"9":{"start":{"line":12,"column":18},"end":{"line":12,"column":49}},"10":{"start":{"line":13,"column":18},"end":{"line":13,"column":43}},"11":{"start":{"line":14,"column":13},"end":{"line":14,"column":17}},"12":{"start":{"line":16,"column":0},"end":{"line":18,"column":2}},"13":{"start":{"line":17,"column":4},"end":{"line":17,"column":51}},"14":{"start":{"line":20,"column":0},"end":{"line":20,"column":32}},"15":{"start":{"line":21,"column":0},"end":{"line":21,"column":30}},"16":{"start":{"line":22,"column":0},"end":{"line":22,"column":33}},"17":{"start":{"line":23,"column":0},"end":{"line":23,"column":33}},"18":{"start":{"line":25,"column":0},"end":{"line":27,"column":3}},"19":{"start":{"line":26,"column":4},"end":{"line":26,"column":46}},"20":{"start":{"line":29,"column":0},"end":{"line":29,"column":21}}},"fnMap":{"0":{"name":"(anonymous_0)","decl":{"start":{"line":16,"column":16},"end":{"line":16,"column":17}},"loc":{"start":{"line":16,"column":20},"end":{"line":18,"column":1}},"line":16},"1":{"name":"(anonymous_1)","decl":{"start":{"line":25,"column":17},"end":{"line":25,"column":18}},"loc":{"start":{"line":25,"column":23},"end":{"line":27,"column":1}},"line":25}},"branchMap":{},"s":{"0":1,"1":1,"2":1,"3":1,"4":1,"5":1,"6":1,"7":1,"8":1,"9":1,"10":1,"11":1,"12":1,"13":1,"14":1,"15":1,"16":1,"17":1,"18":1,"19":1,"20":1},"f":{"0":1,"1":1},"b":{},"_coverageSchema":"1a1c01bbd47fc00a2c39e90264f33305004495a9","hash":"19828c66fd2fbee67505758644c7942d139ed61e"}
,"C:\\Users\\shrut\\OneDrive\\Desktop\\netflix3\\server\\verification.js": {"path":"C:\\Users\\shrut\\OneDrive\\Desktop\\netflix3\\server\\verification.js","statementMap":{"0":{"start":{"line":1,"column":12},"end":{"line":1,"column":35}},"1":{"start":{"line":4,"column":23},"end":{"line":4,"column":40}},"2":{"start":{"line":5,"column":4},"end":{"line":15,"column":5}},"3":{"start":{"line":6,"column":22},"end":{"line":6,"column":46}},"4":{"start":{"line":8,"column":8},"end":{"line":12,"column":11}},"5":{"start":{"line":9,"column":12},"end":{"line":9,"column":65}},"6":{"start":{"line":9,"column":21},"end":{"line":9,"column":65}},"7":{"start":{"line":10,"column":12},"end":{"line":10,"column":28}},"8":{"start":{"line":11,"column":12},"end":{"line":11,"column":19}},"9":{"start":{"line":14,"column":8},"end":{"line":14,"column":66}},"10":{"start":{"line":18,"column":0},"end":{"line":18,"column":24}}},"fnMap":{"0":{"name":"verify","decl":{"start":{"line":3,"column":9},"end":{"line":3,"column":15}},"loc":{"start":{"line":3,"column":32},"end":{"line":16,"column":1}},"line":3},"1":{"name":"(anonymous_1)","decl":{"start":{"line":8,"column":50},"end":{"line":8,"column":51}},"loc":{"start":{"line":8,"column":65},"end":{"line":12,"column":9}},"line":8}},"branchMap":{"0":{"loc":{"start":{"line":5,"column":4},"end":{"line":15,"column":5}},"type":"if","locations":[{"start":{"line":5,"column":4},"end":{"line":15,"column":5}},{"start":{"line":13,"column":11},"end":{"line":15,"column":5}}],"line":5},"1":{"loc":{"start":{"line":9,"column":12},"end":{"line":9,"column":65}},"type":"if","locations":[{"start":{"line":9,"column":12},"end":{"line":9,"column":65}},{"start":{},"end":{}}],"line":9}},"s":{"0":2,"1":3,"2":3,"3":2,"4":2,"5":2,"6":1,"7":2,"8":2,"9":1,"10":2},"f":{"0":3,"1":2},"b":{"0":[2,1],"1":[1,1]},"_coverageSchema":"1a1c01bbd47fc00a2c39e90264f33305004495a9","hash":"e7d534a5825faf6a613f6d0c79e27328f0a56580"}
,"C:\\Users\\shrut\\OneDrive\\Desktop\\netflix3\\server\\db\\conn.js": {"path":"C:\\Users\\shrut\\OneDrive\\Desktop\\netflix3\\server\\db\\conn.js","statementMap":{"0":{"start":{"line":1,"column":17},"end":{"line":1,"column":36}},"1":{"start":{"line":2,"column":0},"end":{"line":2,"column":34}},"2":{"start":{"line":3,"column":11},"end":{"line":3,"column":31}},"3":{"start":{"line":5,"column":0},"end":{"line":11,"column":2}},"4":{"start":{"line":8,"column":15},"end":{"line":8,"column":42}},"5":{"start":{"line":10,"column":2},"end":{"line":10,"column":29}}},"fnMap":{"0":{"name":"(anonymous_0)","decl":{"start":{"line":8,"column":9},"end":{"line":8,"column":10}},"loc":{"start":{"line":8,"column":15},"end":{"line":8,"column":42}},"line":8},"1":{"name":"(anonymous_1)","decl":{"start":{"line":9,"column":7},"end":{"line":9,"column":8}},"loc":{"start":{"line":9,"column":17},"end":{"line":11,"column":1}},"line":9}},"branchMap":{},"s":{"0":1,"1":1,"2":1,"3":1,"4":1,"5":0},"f":{"0":1,"1":0},"b":{},"_coverageSchema":"1a1c01bbd47fc00a2c39e90264f33305004495a9","hash":"9d38ff8c5559c2724c8b7d18114c7939739c6380"}
,"C:\\Users\\shrut\\OneDrive\\Desktop\\netflix3\\server\\models\\List_model.js": {"path":"C:\\Users\\shrut\\OneDrive\\Desktop\\netflix3\\server\\models\\List_model.js","statementMap":{"0":{"start":{"line":1,"column":17},"end":{"line":1,"column":36}},"1":{"start":{"line":3,"column":20},"end":{"line":12,"column":1}},"2":{"start":{"line":14,"column":0},"end":{"line":14,"column":53}}},"fnMap":{},"branchMap":{},"s":{"0":1,"1":1,"2":1},"f":{},"b":{},"_coverageSchema":"1a1c01bbd47fc00a2c39e90264f33305004495a9","hash":"75e8ad2267c37e4267fecffb7625aa4973b55f7b"}
,"C:\\Users\\shrut\\OneDrive\\Desktop\\netflix3\\server\\models\\Movie_model.js": {"path":"C:\\Users\\shrut\\OneDrive\\Desktop\\netflix3\\server\\models\\Movie_model.js","statementMap":{"0":{"start":{"line":1,"column":17},"end":{"line":1,"column":36}},"1":{"start":{"line":3,"column":21},"end":{"line":19,"column":1}},"2":{"start":{"line":21,"column":0},"end":{"line":21,"column":55}}},"fnMap":{},"branchMap":{},"s":{"0":1,"1":1,"2":1},"f":{},"b":{},"_coverageSchema":"1a1c01bbd47fc00a2c39e90264f33305004495a9","hash":"478fe3868651456f74dde336a3fa70e5da15395e"}
,"C:\\Users\\shrut\\OneDrive\\Desktop\\netflix3\\server\\models\\User_model.js": {"path":"C:\\Users\\shrut\\OneDrive\\Desktop\\netflix3\\server\\models\\User_model.js","statementMap":{"0":{"start":{"line":1,"column":17},"end":{"line":1,"column":36}},"1":{"start":{"line":3,"column":20},"end":{"line":13,"column":1}},"2":{"start":{"line":15,"column":0},"end":{"line":15,"column":53}}},"fnMap":{},"branchMap":{},"s":{"0":1,"1":1,"2":1},"f":{},"b":{},"_coverageSchema":"1a1c01bbd47fc00a2c39e90264f33305004495a9","hash":"f73a976b39fcdd5b253bcafee2522f74564bcd1b"}
,"C:\\Users\\shrut\\OneDrive\\Desktop\\netflix3\\server\\routes\\Authentication.js": {"path":"C:\\Users\\shrut\\OneDrive\\Desktop\\netflix3\\server\\routes\\Authentication.js","statementMap":{"0":{"start":{"line":1,"column":15},"end":{"line":1,"column":42}},"1":{"start":{"line":2,"column":13},"end":{"line":2,"column":44}},"2":{"start":{"line":3,"column":17},"end":{"line":3,"column":37}},"3":{"start":{"line":4,"column":12},"end":{"line":4,"column":35}},"4":{"start":{"line":5,"column":19},"end":{"line":5,"column":41}},"5":{"start":{"line":6,"column":10},"end":{"line":6,"column":34}},"6":{"start":{"line":8,"column":0},"end":{"line":8,"column":30}},"7":{"start":{"line":10,"column":0},"end":{"line":30,"column":3}},"8":{"start":{"line":11,"column":4},"end":{"line":11,"column":26}},"9":{"start":{"line":12,"column":4},"end":{"line":14,"column":5}},"10":{"start":{"line":13,"column":8},"end":{"line":13,"column":73}},"11":{"start":{"line":16,"column":21},"end":{"line":23,"column":6}},"12":{"start":{"line":24,"column":4},"end":{"line":29,"column":5}},"13":{"start":{"line":25,"column":21},"end":{"line":25,"column":42}},"14":{"start":{"line":26,"column":8},"end":{"line":26,"column":35}},"15":{"start":{"line":28,"column":8},"end":{"line":28,"column":34}},"16":{"start":{"line":33,"column":0},"end":{"line":60,"column":3}},"17":{"start":{"line":34,"column":4},"end":{"line":59,"column":5}},"18":{"start":{"line":35,"column":21},"end":{"line":35,"column":66}},"19":{"start":{"line":36,"column":8},"end":{"line":38,"column":9}},"20":{"start":{"line":37,"column":12},"end":{"line":37,"column":73}},"21":{"start":{"line":40,"column":22},"end":{"line":40,"column":81}},"22":{"start":{"line":41,"column":33},"end":{"line":41,"column":66}},"23":{"start":{"line":43,"column":8},"end":{"line":45,"column":9}},"24":{"start":{"line":44,"column":11},"end":{"line":44,"column":72}},"25":{"start":{"line":47,"column":26},"end":{"line":47,"column":38}},"26":{"start":{"line":48,"column":22},"end":{"line":52,"column":9}},"27":{"start":{"line":54,"column":38},"end":{"line":54,"column":47}},"28":{"start":{"line":56,"column":8},"end":{"line":56,"column":49}},"29":{"start":{"line":58,"column":8},"end":{"line":58,"column":34}},"30":{"start":{"line":62,"column":0},"end":{"line":62,"column":24}}},"fnMap":{"0":{"name":"(anonymous_0)","decl":{"start":{"line":10,"column":31},"end":{"line":10,"column":32}},"loc":{"start":{"line":10,"column":51},"end":{"line":30,"column":1}},"line":10},"1":{"name":"(anonymous_1)","decl":{"start":{"line":33,"column":28},"end":{"line":33,"column":29}},"loc":{"start":{"line":33,"column":48},"end":{"line":60,"column":1}},"line":33}},"branchMap":{"0":{"loc":{"start":{"line":12,"column":4},"end":{"line":14,"column":5}},"type":"if","locations":[{"start":{"line":12,"column":4},"end":{"line":14,"column":5}},{"start":{},"end":{}}],"line":12},"1":{"loc":{"start":{"line":12,"column":8},"end":{"line":12,"column":39}},"type":"binary-expr","locations":[{"start":{"line":12,"column":8},"end":{"line":12,"column":17}},{"start":{"line":12,"column":21},"end":{"line":12,"column":39}}],"line":12},"2":{"loc":{"start":{"line":36,"column":8},"end":{"line":38,"column":9}},"type":"if","locations":[{"start":{"line":36,"column":8},"end":{"line":38,"column":9}},{"start":{},"end":{}}],"line":36},"3":{"loc":{"start":{"line":43,"column":8},"end":{"line":45,"column":9}},"type":"if","locations":[{"start":{"line":43,"column":8},"end":{"line":45,"column":9}},{"start":{},"end":{}}],"line":43}},"s":{"0":1,"1":1,"2":1,"3":1,"4":1,"5":1,"6":1,"7":1,"8":3,"9":3,"10":2,"11":1,"12":1,"13":1,"14":1,"15":0,"16":1,"17":1,"18":1,"19":1,"20":0,"21":1,"22":1,"23":1,"24":0,"25":1,"26":1,"27":1,"28":1,"29":0,"30":1},"f":{"0":3,"1":1},"b":{"0":[2,1],"1":[3,3],"2":[0,1],"3":[0,1]},"_coverageSchema":"1a1c01bbd47fc00a2c39e90264f33305004495a9","hash":"d734e2a1d3691c1408434641ad1bedf987d5bd2e"}
,"C:\\Users\\shrut\\OneDrive\\Desktop\\netflix3\\server\\routes\\lists.js": {"path":"C:\\Users\\shrut\\OneDrive\\Desktop\\netflix3\\server\\routes\\lists.js","statementMap":{"0":{"start":{"line":1,"column":15},"end":{"line":1,"column":42}},"1":{"start":{"line":2,"column":13},"end":{"line":2,"column":44}},"2":{"start":{"line":3,"column":15},"end":{"line":3,"column":41}},"3":{"start":{"line":7,"column":0},"end":{"line":19,"column":3}},"4":{"start":{"line":8,"column":4},"end":{"line":10,"column":5}},"5":{"start":{"line":9,"column":8},"end":{"line":9,"column":53}},"6":{"start":{"line":11,"column":25},"end":{"line":11,"column":43}},"7":{"start":{"line":12,"column":8},"end":{"line":17,"column":9}},"8":{"start":{"line":13,"column":29},"end":{"line":13,"column":50}},"9":{"start":{"line":14,"column":12},"end":{"line":14,"column":43}},"10":{"start":{"line":16,"column":12},"end":{"line":16,"column":38}},"11":{"start":{"line":23,"column":0},"end":{"line":34,"column":3}},"12":{"start":{"line":24,"column":4},"end":{"line":26,"column":5}},"13":{"start":{"line":25,"column":8},"end":{"line":25,"column":53}},"14":{"start":{"line":27,"column":8},"end":{"line":32,"column":9}},"15":{"start":{"line":28,"column":12},"end":{"line":28,"column":56}},"16":{"start":{"line":29,"column":12},"end":{"line":29,"column":64}},"17":{"start":{"line":31,"column":12},"end":{"line":31,"column":38}},"18":{"start":{"line":38,"column":0},"end":{"line":62,"column":3}},"19":{"start":{"line":39,"column":22},"end":{"line":39,"column":36}},"20":{"start":{"line":40,"column":23},"end":{"line":40,"column":38}},"21":{"start":{"line":41,"column":15},"end":{"line":41,"column":17}},"22":{"start":{"line":42,"column":4},"end":{"line":61,"column":5}},"23":{"start":{"line":43,"column":8},"end":{"line":57,"column":9}},"24":{"start":{"line":44,"column":12},"end":{"line":54,"column":13}},"25":{"start":{"line":45,"column":16},"end":{"line":48,"column":19}},"26":{"start":{"line":50,"column":16},"end":{"line":53,"column":19}},"27":{"start":{"line":56,"column":12},"end":{"line":56,"column":67}},"28":{"start":{"line":58,"column":8},"end":{"line":58,"column":35}},"29":{"start":{"line":60,"column":8},"end":{"line":60,"column":34}},"30":{"start":{"line":64,"column":0},"end":{"line":64,"column":24}}},"fnMap":{"0":{"name":"(anonymous_0)","decl":{"start":{"line":7,"column":32},"end":{"line":7,"column":33}},"loc":{"start":{"line":7,"column":52},"end":{"line":19,"column":1}},"line":7},"1":{"name":"(anonymous_1)","decl":{"start":{"line":23,"column":37},"end":{"line":23,"column":38}},"loc":{"start":{"line":23,"column":57},"end":{"line":34,"column":1}},"line":23},"2":{"name":"(anonymous_2)","decl":{"start":{"line":38,"column":31},"end":{"line":38,"column":32}},"loc":{"start":{"line":38,"column":51},"end":{"line":62,"column":1}},"line":38}},"branchMap":{"0":{"loc":{"start":{"line":8,"column":4},"end":{"line":10,"column":5}},"type":"if","locations":[{"start":{"line":8,"column":4},"end":{"line":10,"column":5}},{"start":{},"end":{}}],"line":8},"1":{"loc":{"start":{"line":24,"column":4},"end":{"line":26,"column":5}},"type":"if","locations":[{"start":{"line":24,"column":4},"end":{"line":26,"column":5}},{"start":{},"end":{}}],"line":24},"2":{"loc":{"start":{"line":43,"column":8},"end":{"line":57,"column":9}},"type":"if","locations":[{"start":{"line":43,"column":8},"end":{"line":57,"column":9}},{"start":{"line":55,"column":15},"end":{"line":57,"column":9}}],"line":43},"3":{"loc":{"start":{"line":44,"column":12},"end":{"line":54,"column":13}},"type":"if","locations":[{"start":{"line":44,"column":12},"end":{"line":54,"column":13}},{"start":{"line":49,"column":19},"end":{"line":54,"column":13}}],"line":44}},"s":{"0":1,"1":1,"2":1,"3":1,"4":0,"5":0,"6":0,"7":0,"8":0,"9":0,"10":0,"11":1,"12":0,"13":0,"14":0,"15":0,"16":0,"17":0,"18":1,"19":0,"20":0,"21":0,"22":0,"23":0,"24":0,"25":0,"26":0,"27":0,"28":0,"29":0,"30":1},"f":{"0":0,"1":0,"2":0},"b":{"0":[0,0],"1":[0,0],"2":[0,0],"3":[0,0]},"_coverageSchema":"1a1c01bbd47fc00a2c39e90264f33305004495a9","hash":"e581f54fe91f77968fd97ca038251a1e4baf253b"}
,"C:\\Users\\shrut\\OneDrive\\Desktop\\netflix3\\server\\routes\\movies.js": {"path":"C:\\Users\\shrut\\OneDrive\\Desktop\\netflix3\\server\\routes\\movies.js","statementMap":{"0":{"start":{"line":1,"column":15},"end":{"line":1,"column":42}},"1":{"start":{"line":2,"column":14},"end":{"line":2,"column":46}},"2":{"start":{"line":3,"column":15},"end":{"line":3,"column":41}},"3":{"start":{"line":10,"column":0},"end":{"line":17,"column":3}},"4":{"start":{"line":11,"column":2},"end":{"line":16,"column":3}},"5":{"start":{"line":12,"column":18},"end":{"line":12,"column":53}},"6":{"start":{"line":13,"column":4},"end":{"line":13,"column":32}},"7":{"start":{"line":15,"column":4},"end":{"line":15,"column":30}},"8":{"start":{"line":21,"column":0},"end":{"line":34,"column":3}},"9":{"start":{"line":22,"column":2},"end":{"line":24,"column":3}},"10":{"start":{"line":23,"column":4},"end":{"line":23,"column":49}},"11":{"start":{"line":25,"column":4},"end":{"line":32,"column":5}},"12":{"start":{"line":26,"column":23},"end":{"line":26,"column":42}},"13":{"start":{"line":27,"column":25},"end":{"line":27,"column":46}},"14":{"start":{"line":28,"column":6},"end":{"line":28,"column":39}},"15":{"start":{"line":31,"column":6},"end":{"line":31,"column":32}},"16":{"start":{"line":38,"column":0},"end":{"line":54,"column":3}},"17":{"start":{"line":39,"column":2},"end":{"line":41,"column":3}},"18":{"start":{"line":40,"column":4},"end":{"line":40,"column":49}},"19":{"start":{"line":42,"column":4},"end":{"line":52,"column":5}},"20":{"start":{"line":43,"column":21},"end":{"line":43,"column":43}},"21":{"start":{"line":44,"column":21},"end":{"line":44,"column":29}},"22":{"start":{"line":45,"column":21},"end":{"line":45,"column":34}},"23":{"start":{"line":47,"column":27},"end":{"line":47,"column":78}},"24":{"start":{"line":48,"column":6},"end":{"line":48,"column":41}},"25":{"start":{"line":51,"column":6},"end":{"line":51,"column":32}},"26":{"start":{"line":58,"column":0},"end":{"line":69,"column":3}},"27":{"start":{"line":59,"column":2},"end":{"line":61,"column":3}},"28":{"start":{"line":60,"column":4},"end":{"line":60,"column":49}},"29":{"start":{"line":62,"column":4},"end":{"line":67,"column":5}},"30":{"start":{"line":63,"column":6},"end":{"line":63,"column":51}},"31":{"start":{"line":64,"column":6},"end":{"line":64,"column":45}},"32":{"start":{"line":66,"column":6},"end":{"line":66,"column":32}},"33":{"start":{"line":74,"column":0},"end":{"line":86,"column":3}},"34":{"start":{"line":76,"column":2},"end":{"line":78,"column":3}},"35":{"start":{"line":77,"column":4},"end":{"line":77,"column":49}},"36":{"start":{"line":79,"column":2},"end":{"line":84,"column":3}},"37":{"start":{"line":80,"column":19},"end":{"line":80,"column":37}},"38":{"start":{"line":81,"column":4},"end":{"line":81,"column":43}},"39":{"start":{"line":83,"column":4},"end":{"line":83,"column":30}},"40":{"start":{"line":90,"column":0},"end":{"line":109,"column":3}},"41":{"start":{"line":91,"column":15},"end":{"line":91,"column":29}},"42":{"start":{"line":93,"column":2},"end":{"line":108,"column":3}},"43":{"start":{"line":94,"column":4},"end":{"line":104,"column":5}},"44":{"start":{"line":95,"column":6},"end":{"line":98,"column":9}},"45":{"start":{"line":100,"column":6},"end":{"line":103,"column":9}},"46":{"start":{"line":105,"column":4},"end":{"line":105,"column":32}},"47":{"start":{"line":107,"column":4},"end":{"line":107,"column":30}},"48":{"start":{"line":112,"column":0},"end":{"line":120,"column":3}},"49":{"start":{"line":113,"column":2},"end":{"line":119,"column":3}},"50":{"start":{"line":114,"column":18},"end":{"line":114,"column":34}},"51":{"start":{"line":115,"column":19},"end":{"line":115,"column":80}},"52":{"start":{"line":116,"column":4},"end":{"line":116,"column":33}},"53":{"start":{"line":118,"column":4},"end":{"line":118,"column":30}},"54":{"start":{"line":123,"column":0},"end":{"line":123,"column":24}}},"fnMap":{"0":{"name":"(anonymous_0)","decl":{"start":{"line":10,"column":38},"end":{"line":10,"column":39}},"loc":{"start":{"line":10,"column":58},"end":{"line":17,"column":1}},"line":10},"1":{"name":"(anonymous_1)","decl":{"start":{"line":21,"column":32},"end":{"line":21,"column":33}},"loc":{"start":{"line":21,"column":52},"end":{"line":34,"column":1}},"line":21},"2":{"name":"(anonymous_2)","decl":{"start":{"line":38,"column":33},"end":{"line":38,"column":34}},"loc":{"start":{"line":38,"column":53},"end":{"line":54,"column":1}},"line":38},"3":{"name":"(anonymous_3)","decl":{"start":{"line":58,"column":37},"end":{"line":58,"column":38}},"loc":{"start":{"line":58,"column":57},"end":{"line":69,"column":1}},"line":58},"4":{"name":"(anonymous_4)","decl":{"start":{"line":74,"column":30},"end":{"line":74,"column":31}},"loc":{"start":{"line":74,"column":50},"end":{"line":86,"column":1}},"line":74},"5":{"name":"(anonymous_5)","decl":{"start":{"line":90,"column":37},"end":{"line":90,"column":38}},"loc":{"start":{"line":90,"column":57},"end":{"line":109,"column":1}},"line":90},"6":{"name":"(anonymous_6)","decl":{"start":{"line":112,"column":42},"end":{"line":112,"column":43}},"loc":{"start":{"line":112,"column":62},"end":{"line":120,"column":1}},"line":112}},"branchMap":{"0":{"loc":{"start":{"line":22,"column":2},"end":{"line":24,"column":3}},"type":"if","locations":[{"start":{"line":22,"column":2},"end":{"line":24,"column":3}},{"start":{},"end":{}}],"line":22},"1":{"loc":{"start":{"line":39,"column":2},"end":{"line":41,"column":3}},"type":"if","locations":[{"start":{"line":39,"column":2},"end":{"line":41,"column":3}},{"start":{},"end":{}}],"line":39},"2":{"loc":{"start":{"line":59,"column":2},"end":{"line":61,"column":3}},"type":"if","locations":[{"start":{"line":59,"column":2},"end":{"line":61,"column":3}},{"start":{},"end":{}}],"line":59},"3":{"loc":{"start":{"line":76,"column":2},"end":{"line":78,"column":3}},"type":"if","locations":[{"start":{"line":76,"column":2},"end":{"line":78,"column":3}},{"start":{},"end":{}}],"line":76},"4":{"loc":{"start":{"line":94,"column":4},"end":{"line":104,"column":5}},"type":"if","locations":[{"start":{"line":94,"column":4},"end":{"line":104,"column":5}},{"start":{"line":99,"column":11},"end":{"line":104,"column":5}}],"line":94}},"s":{"0":1,"1":1,"2":1,"3":1,"4":0,"5":0,"6":0,"7":0,"8":1,"9":0,"10":0,"11":0,"12":0,"13":0,"14":0,"15":0,"16":1,"17":0,"18":0,"19":0,"20":0,"21":0,"22":0,"23":0,"24":0,"25":0,"26":1,"27":0,"28":0,"29":0,"30":0,"31":0,"32":0,"33":1,"34":0,"35":0,"36":0,"37":0,"38":0,"39":0,"40":1,"41":0,"42":0,"43":0,"44":0,"45":0,"46":0,"47":0,"48":1,"49":0,"50":0,"51":0,"52":0,"53":0,"54":1},"f":{"0":0,"1":0,"2":0,"3":0,"4":0,"5":0,"6":0},"b":{"0":[0,0],"1":[0,0],"2":[0,0],"3":[0,0],"4":[0,0]},"_coverageSchema":"1a1c01bbd47fc00a2c39e90264f33305004495a9","hash":"1e77b21f0a09ddd916cc85e3cb0f98c2b3346a9c"}
,"C:\\Users\\shrut\\OneDrive\\Desktop\\netflix3\\server\\routes\\subscribers.js": {"path":"C:\\Users\\shrut\\OneDrive\\Desktop\\netflix3\\server\\routes\\subscribers.js","statementMap":{"0":{"start":{"line":1,"column":15},"end":{"line":1,"column":42}},"1":{"start":{"line":2,"column":13},"end":{"line":2,"column":44}},"2":{"start":{"line":3,"column":17},"end":{"line":3,"column":37}},"3":{"start":{"line":4,"column":15},"end":{"line":4,"column":41}},"4":{"start":{"line":10,"column":0},"end":{"line":21,"column":3}},"5":{"start":{"line":11,"column":2},"end":{"line":20,"column":3}},"6":{"start":{"line":12,"column":4},"end":{"line":17,"column":5}},"7":{"start":{"line":13,"column":6},"end":{"line":13,"column":50}},"8":{"start":{"line":14,"column":6},"end":{"line":14,"column":55}},"9":{"start":{"line":16,"column":6},"end":{"line":16,"column":32}},"10":{"start":{"line":19,"column":4},"end":{"line":19,"column":49}},"11":{"start":{"line":24,"column":0},"end":{"line":46,"column":3}},"12":{"start":{"line":25,"column":2},"end":{"line":45,"column":3}},"13":{"start":{"line":26,"column":4},"end":{"line":31,"column":5}},"14":{"start":{"line":27,"column":6},"end":{"line":30,"column":19}},"15":{"start":{"line":33,"column":4},"end":{"line":42,"column":5}},"16":{"start":{"line":34,"column":21},"end":{"line":34,"column":43}},"17":{"start":{"line":35,"column":21},"end":{"line":35,"column":29}},"18":{"start":{"line":36,"column":21},"end":{"line":36,"column":34}},"19":{"start":{"line":38,"column":26},"end":{"line":38,"column":77}},"20":{"start":{"line":39,"column":6},"end":{"line":39,"column":40}},"21":{"start":{"line":41,"column":6},"end":{"line":41,"column":32}},"22":{"start":{"line":44,"column":4},"end":{"line":44,"column":49}},"23":{"start":{"line":50,"column":0},"end":{"line":66,"column":3}},"24":{"start":{"line":51,"column":16},"end":{"line":51,"column":29}},"25":{"start":{"line":52,"column":2},"end":{"line":52,"column":32}},"26":{"start":{"line":55,"column":2},"end":{"line":57,"column":3}},"27":{"start":{"line":56,"column":4},"end":{"line":56,"column":73}},"28":{"start":{"line":59,"column":2},"end":{"line":64,"column":3}},"29":{"start":{"line":60,"column":18},"end":{"line":60,"column":94}},"30":{"start":{"line":61,"column":4},"end":{"line":61,"column":32}},"31":{"start":{"line":63,"column":4},"end":{"line":63,"column":30}},"32":{"start":{"line":70,"column":0},"end":{"line":78,"column":3}},"33":{"start":{"line":71,"column":2},"end":{"line":77,"column":3}},"34":{"start":{"line":72,"column":17},"end":{"line":72,"column":51}},"35":{"start":{"line":73,"column":34},"end":{"line":73,"column":43}},"36":{"start":{"line":74,"column":4},"end":{"line":74,"column":31}},"37":{"start":{"line":76,"column":4},"end":{"line":76,"column":30}},"38":{"start":{"line":81,"column":0},"end":{"line":81,"column":24}}},"fnMap":{"0":{"name":"(anonymous_0)","decl":{"start":{"line":10,"column":36},"end":{"line":10,"column":37}},"loc":{"start":{"line":10,"column":56},"end":{"line":21,"column":1}},"line":10},"1":{"name":"(anonymous_1)","decl":{"start":{"line":24,"column":33},"end":{"line":24,"column":34}},"loc":{"start":{"line":24,"column":53},"end":{"line":46,"column":1}},"line":24},"2":{"name":"(anonymous_2)","decl":{"start":{"line":50,"column":30},"end":{"line":50,"column":31}},"loc":{"start":{"line":50,"column":50},"end":{"line":66,"column":1}},"line":50},"3":{"name":"(anonymous_3)","decl":{"start":{"line":70,"column":31},"end":{"line":70,"column":32}},"loc":{"start":{"line":70,"column":51},"end":{"line":78,"column":1}},"line":70}},"branchMap":{"0":{"loc":{"start":{"line":11,"column":2},"end":{"line":20,"column":3}},"type":"if","locations":[{"start":{"line":11,"column":2},"end":{"line":20,"column":3}},{"start":{"line":18,"column":9},"end":{"line":20,"column":3}}],"line":11},"1":{"loc":{"start":{"line":11,"column":6},"end":{"line":11,"column":55}},"type":"binary-expr","locations":[{"start":{"line":11,"column":6},"end":{"line":11,"column":35}},{"start":{"line":11,"column":39},"end":{"line":11,"column":55}}],"line":11},"2":{"loc":{"start":{"line":25,"column":2},"end":{"line":45,"column":3}},"type":"if","locations":[{"start":{"line":25,"column":2},"end":{"line":45,"column":3}},{"start":{"line":43,"column":9},"end":{"line":45,"column":3}}],"line":25},"3":{"loc":{"start":{"line":25,"column":6},"end":{"line":25,"column":56}},"type":"binary-expr","locations":[{"start":{"line":25,"column":6},"end":{"line":25,"column":22}},{"start":{"line":25,"column":27},"end":{"line":25,"column":56}}],"line":25},"4":{"loc":{"start":{"line":26,"column":4},"end":{"line":31,"column":5}},"type":"if","locations":[{"start":{"line":26,"column":4},"end":{"line":31,"column":5}},{"start":{},"end":{}}],"line":26},"5":{"loc":{"start":{"line":55,"column":2},"end":{"line":57,"column":3}},"type":"if","locations":[{"start":{"line":55,"column":2},"end":{"line":57,"column":3}},{"start":{},"end":{}}],"line":55},"6":{"loc":{"start":{"line":60,"column":48},"end":{"line":60,"column":62}},"type":"cond-expr","locations":[{"start":{"line":60,"column":56},"end":{"line":60,"column":58}},{"start":{"line":60,"column":61},"end":{"line":60,"column":62}}],"line":60},"7":{"loc":{"start":{"line":60,"column":72},"end":{"line":60,"column":93}},"type":"cond-expr","locations":[{"start":{"line":60,"column":80},"end":{"line":60,"column":81}},{"start":{"line":60,"column":84},"end":{"line":60,"column":93}}],"line":60}},"s":{"0":1,"1":1,"2":1,"3":1,"4":1,"5":0,"6":0,"7":0,"8":0,"9":0,"10":0,"11":1,"12":0,"13":0,"14":0,"15":0,"16":0,"17":0,"18":0,"19":0,"20":0,"21":0,"22":0,"23":1,"24":0,"25":0,"26":0,"27":0,"28":0,"29":0,"30":0,"31":0,"32":1,"33":0,"34":0,"35":0,"36":0,"37":0,"38":1},"f":{"0":0,"1":0,"2":0,"3":0},"b":{"0":[0,0],"1":[0,0],"2":[0,0],"3":[0,0],"4":[0,0],"5":[0,0],"6":[0,0],"7":[0,0]},"_coverageSchema":"1a1c01bbd47fc00a2c39e90264f33305004495a9","hash":"5ab5211ec159a02ed2820d81752abe6d836edb2d"}
}
